df_classify.py:61: SettingWithCopyWarning: 
A value is trying to be set on a copy of a slice from a DataFrame.
Try using .loc[row_indexer,col_indexer] = value instead

See the caveats in the documentation: https://pandas.pydata.org/pandas-docs/stable/user_guide/indexing.html#returning-a-view-versus-a-copy
  lln_copy['predictions_RF'] = predictions_RF
df_classify.py:62: SettingWithCopyWarning: 
A value is trying to be set on a copy of a slice from a DataFrame.
Try using .loc[row_indexer,col_indexer] = value instead

See the caveats in the documentation: https://pandas.pydata.org/pandas-docs/stable/user_guide/indexing.html#returning-a-view-versus-a-copy
  lln_copy['predictions_GBT'] = predictions_GBT
Reading...
Read in 0.01 mins. Now training...
Trained in 26.25 mins. Now predicting...
Trained in 0.09 mins. Now writing...
==========
RF accuracy: 0.8961879212786582
----------
GBT accuracy: 0.867219729930792
==========

    Writing took 0.01 mins. 
    Classification without color data is done.
    
The whole process elapsed 0.44 hours.
    
Classified LAS file saved in ./results/lln_classified.las.
Goodbye
    
Email sent to sinoj.singam@gmail.com. Status code: 202
